<?xml version="1.0" encoding="UTF-8"?>
<testsuite name="PhoneBookTest" tests="1" skipped="0" failures="0" errors="0" timestamp="2020-07-30T14:06:18" hostname="DESKTOP-V5L7Q4Q" time="18.377">
  <properties/>
  <testcase name="start" classname="PhoneBookTest" time="18.377"/>
  <system-out><![CDATA[?[1;31m
Start test 1?[0m
Start searching (linear search)...
Found 500 / 500 entries. Time taken: 0 min. 0 sec. 29 ms.

Start searching (bubble sort + jump search)...
Found 500 / 500 entries. Time taken: 0 min. 17 sec. 999 ms.
Sorting time: 0 min. 17 sec. 993 ms.
Searching time: 0 min. 0 sec. 6 ms.

Start searching (quick sort + binary search)...
Found 500 / 500 entries. Time taken: 0 min. 0 sec. 46 ms.
Sorting time: 0 min. 0 sec. 45 ms.
Searching time: 0 min. 0 sec. 1 ms.

]]></system-out>
  <system-err><![CDATA[]]></system-err>
</testsuite>
