<?xml version="1.0" encoding="UTF-8"?>
<testsuite name="PhoneBookTest" tests="1" skipped="0" failures="0" errors="0" timestamp="2020-08-03T22:51:41" hostname="DESKTOP-V5L7Q4Q" time="33.963">
  <properties/>
  <testcase name="start" classname="PhoneBookTest" time="33.963"/>
  <system-out><![CDATA[?[1;31m
Start test 1?[0m
Start searching (linear search)...
Found 500 / 500 entries. Time taken: 0 min. 0 sec. 897 ms.

Start searching (bubble sort + jump search)...
Found 500 / 500 entries. Time taken: 0 min. 29 sec. 342 ms.
Sorting time: 0 min. 29 sec. 336 ms.
Searching time: 0 min. 0 sec. 6 ms.

Start searching (quick sort + binary search)...
Found 500 / 500 entries. Time taken: 0 min. 10 sec. 54 ms.
Sorting time: 0 min. 10 sec. 52 ms.
Searching time: 0 min. 0 sec. 2 ms.

Start searching (hash table)...
Found 500 / 500 entries. Time taken: 0 min. 3 sec. 310 ms.
Creating time: 0 min. 3 sec. 266 ms.
Searching time: 0 min. 0 sec. 44 ms.

]]></system-out>
  <system-err><![CDATA[]]></system-err>
</testsuite>
